<?xml version="1.0" encoding="UTF-8"?>
<!-- Generated by org.testng.reporters.JUnitReportReporter -->
<testsuite hostname="Gulshan" failures="0" tests="1" name="endToEnd_Scripts.AddDoctorAndVerifyDoctorLogin" time="11.075" errors="0" timestamp="04 Jun 2024 16:13:16 GMT" skipped="0">
  <testcase classname="endToEnd_Scripts.AddDoctorAndVerifyDoctorLogin" name="verifyDoctorLogin" time="11.075"/>
</testsuite> <!-- endToEnd_Scripts.AddDoctorAndVerifyDoctorLogin -->
