<?xml version="1.0" encoding="UTF-8"?>
<!-- Generated by org.testng.reporters.JUnitReportReporter -->
<testsuite hostname="DESKTOP-CE4NKRB" failures="0" tests="1" name="com.HMS.LifeLink.DoctorTest" time="13.290" errors="0" timestamp="04 Jun 2024 06:32:39 GMT" skipped="0">
  <testcase classname="com.HMS.LifeLink.DoctorTest" name="SearchPatientAndAddMedicalHistory" time="13.290"/>
</testsuite> <!-- com.HMS.LifeLink.DoctorTest -->
